<?xml version="1.0" encoding="UTF-8"?>
<coverage generated="1515795252804" clover="3.2.0">
  <project timestamp="1515795252805" name="All files">
    <metrics statements="10" coveredstatements="10" conditionals="4" coveredconditionals="2" methods="4" coveredmethods="4" elements="18" coveredelements="16" complexity="0" loc="10" ncloc="10" packages="2" files="3" classes="3">
      <package name="__tests__.server.utils">
        <metrics statements="2" coveredstatements="2" conditionals="0" coveredconditionals="0" methods="0" coveredmethods="0"/>
        <file name="devMock.js" path="/home/erdem/Documents/Web development/freeCodeCamp/back-end/dynamic-web-applications-projects/book-trade/__tests__/server/utils/devMock.js">
          <metrics statements="1" coveredstatements="1" conditionals="0" coveredconditionals="0" methods="0" coveredmethods="0"/>
          <line num="1" count="1" type="stmt"/>
        </file>
        <file name="prodMock.js" path="/home/erdem/Documents/Web development/freeCodeCamp/back-end/dynamic-web-applications-projects/book-trade/__tests__/server/utils/prodMock.js">
          <metrics statements="1" coveredstatements="1" conditionals="0" coveredconditionals="0" methods="0" coveredmethods="0"/>
          <line num="1" count="1" type="stmt"/>
        </file>
      </package>
      <package name="src.server.utils">
        <metrics statements="8" coveredstatements="8" conditionals="4" coveredconditionals="2" methods="4" coveredmethods="4"/>
        <file name="envSelector.js" path="/home/erdem/Documents/Web development/freeCodeCamp/back-end/dynamic-web-applications-projects/book-trade/src/server/utils/envSelector.js">
          <metrics statements="8" coveredstatements="8" conditionals="4" coveredconditionals="2" methods="4" coveredmethods="4"/>
          <line num="3" count="1" type="stmt"/>
          <line num="7" count="1" type="cond" truecount="1" falsecount="1"/>
          <line num="8" count="1" type="stmt"/>
          <line num="9" count="2" type="stmt"/>
          <line num="15" count="4" type="cond" truecount="1" falsecount="1"/>
          <line num="16" count="4" type="stmt"/>
          <line num="18" count="4" type="stmt"/>
          <line num="22" count="1" type="stmt"/>
        </file>
      </package>
    </metrics>
  </project>
</coverage>
