{"/home/erdem/Documents/Web development/freeCodeCamp/back-end/dynamic-web-applications-projects/book-trade/__tests__/server/utils/devMock.js": {"path":"/home/erdem/Documents/Web development/freeCodeCamp/back-end/dynamic-web-applications-projects/book-trade/__tests__/server/utils/devMock.js","statementMap":{"0":{"start":{"line":1,"column":0},"end":{"line":1,"column":37}}},"fnMap":{},"branchMap":{},"s":{"0":1},"f":{},"b":{},"_coverageSchema":"332fd63041d2c1bcb487cc26dd0d5f7d97098a6c","hash":"6a91807a28607a38e0852319923b273cf09390ae"}
,"/home/erdem/Documents/Web development/freeCodeCamp/back-end/dynamic-web-applications-projects/book-trade/__tests__/server/utils/prodMock.js": {"path":"/home/erdem/Documents/Web development/freeCodeCamp/back-end/dynamic-web-applications-projects/book-trade/__tests__/server/utils/prodMock.js","statementMap":{"0":{"start":{"line":1,"column":0},"end":{"line":1,"column":36}}},"fnMap":{},"branchMap":{},"s":{"0":1},"f":{},"b":{},"_coverageSchema":"332fd63041d2c1bcb487cc26dd0d5f7d97098a6c","hash":"6cddf6eb066bf661a7c647b0f1ded0a4a85422e3"}
,"/home/erdem/Documents/Web development/freeCodeCamp/back-end/dynamic-web-applications-projects/book-trade/src/server/utils/envSelector.js": {"path":"/home/erdem/Documents/Web development/freeCodeCamp/back-end/dynamic-web-applications-projects/book-trade/src/server/utils/envSelector.js","statementMap":{"0":{"start":{"line":3,"column":4},"end":{"line":3,"column":20}},"1":{"start":{"line":7,"column":4},"end":{"line":11,"column":5}},"2":{"start":{"line":8,"column":6},"end":{"line":10,"column":9}},"3":{"start":{"line":9,"column":8},"end":{"line":9,"column":47}},"4":{"start":{"line":15,"column":23},"end":{"line":15,"column":60}},"5":{"start":{"line":16,"column":23},"end":{"line":16,"column":45}},"6":{"start":{"line":18,"column":4},"end":{"line":18,"column":27}},"7":{"start":{"line":22,"column":0},"end":{"line":22,"column":35}}},"fnMap":{"0":{"name":"(anonymous_0)","decl":{"start":{"line":2,"column":2},"end":{"line":2,"column":3}},"loc":{"start":{"line":2,"column":16},"end":{"line":4,"column":3}},"line":2},"1":{"name":"(anonymous_1)","decl":{"start":{"line":6,"column":2},"end":{"line":6,"column":3}},"loc":{"start":{"line":6,"column":20},"end":{"line":12,"column":3}},"line":6},"2":{"name":"(anonymous_2)","decl":{"start":{"line":8,"column":30},"end":{"line":8,"column":31}},"loc":{"start":{"line":8,"column":39},"end":{"line":10,"column":7}},"line":8},"3":{"name":"(anonymous_3)","decl":{"start":{"line":14,"column":2},"end":{"line":14,"column":3}},"loc":{"start":{"line":14,"column":15},"end":{"line":19,"column":3}},"line":14}},"branchMap":{"0":{"loc":{"start":{"line":7,"column":4},"end":{"line":11,"column":5}},"type":"if","locations":[{"start":{"line":7,"column":4},"end":{"line":11,"column":5}},{"start":{"line":7,"column":4},"end":{"line":11,"column":5}}],"line":7},"1":{"loc":{"start":{"line":15,"column":23},"end":{"line":15,"column":60}},"type":"binary-expr","locations":[{"start":{"line":15,"column":23},"end":{"line":15,"column":43}},{"start":{"line":15,"column":47},"end":{"line":15,"column":60}}],"line":15}},"s":{"0":1,"1":1,"2":1,"3":2,"4":4,"5":4,"6":4,"7":1},"f":{"0":1,"1":1,"2":2,"3":4},"b":{"0":[1,0],"1":[4,0]},"_coverageSchema":"332fd63041d2c1bcb487cc26dd0d5f7d97098a6c","hash":"e41eaebcf9686606379f26d728de13885fbb402c"}
}
