TN:
SF:/home/erdem/Documents/Web development/freeCodeCamp/back-end/dynamic-web-applications-projects/book-trade/__tests__/server/utils/devMock.js
FNF:0
FNH:0
DA:1,1
LF:1
LH:1
BRF:0
BRH:0
end_of_record
TN:
SF:/home/erdem/Documents/Web development/freeCodeCamp/back-end/dynamic-web-applications-projects/book-trade/__tests__/server/utils/prodMock.js
FNF:0
FNH:0
DA:1,1
LF:1
LH:1
BRF:0
BRH:0
end_of_record
TN:
SF:/home/erdem/Documents/Web development/freeCodeCamp/back-end/dynamic-web-applications-projects/book-trade/src/server/utils/envSelector.js
FN:2,(anonymous_0)
FN:6,(anonymous_1)
FN:8,(anonymous_2)
FN:14,(anonymous_3)
FNF:4
FNH:4
FNDA:1,(anonymous_0)
FNDA:1,(anonymous_1)
FNDA:2,(anonymous_2)
FNDA:4,(anonymous_3)
DA:3,1
DA:7,1
DA:8,1
DA:9,2
DA:15,4
DA:16,4
DA:18,4
DA:22,1
LF:8
LH:8
BRDA:7,0,0,1
BRDA:7,0,1,0
BRDA:15,1,0,4
BRDA:15,1,1,0
BRF:4
BRH:2
end_of_record
